2018-12-13 09:31:48 INFO  c.n.s.SpringBoot2RestServiceApplication:48 - Starting SpringBoot2RestServiceApplication on INUH100183 with PID 10036 (C:\Users\ndh00159\Documents\workspace-sts-3.9.6.RELEASE\Stocks-api\target\classes started by NDH00159 in C:\Users\ndh00159\Documents\workspace-sts-3.9.6.RELEASE\Stocks-api)
2018-12-13 09:31:48 INFO  c.n.s.SpringBoot2RestServiceApplication:593 - No active profile set, falling back to default profiles: default
2018-12-13 09:31:50 INFO  o.a.c.c.StandardService:179 - Starting service [Tomcat]
2018-12-13 09:31:50 INFO  o.a.c.c.StandardEngine:179 - Starting Servlet Engine: Apache Tomcat/8.5.23
2018-12-13 09:31:50 INFO  o.a.c.c.C.[.[.[/]:179 - Initializing Spring embedded WebApplicationContext
2018-12-13 09:31:51 INFO  s.d.s.w.p.DocumentationPluginsBootstrapper:84 - Context refreshed
2018-12-13 09:31:51 INFO  s.d.s.w.p.DocumentationPluginsBootstrapper:87 - Found 1 custom documentation plugin(s)
2018-12-13 09:31:51 INFO  s.d.s.w.s.ApiListingReferenceScanner:44 - Scanning for api listing references
2018-12-13 09:31:51 INFO  s.d.s.w.r.o.CachingOperationNameGenerator:40 - Generating unique operation named: findByPrincipalAndAfterAndTypeUsingGET_1
2018-12-13 09:31:51 INFO  s.d.s.w.r.o.CachingOperationNameGenerator:40 - Generating unique operation named: invokeUsingGET_1
2018-12-13 09:31:51 INFO  s.d.s.w.r.o.CachingOperationNameGenerator:40 - Generating unique operation named: invokeUsingGET_2
2018-12-13 09:31:51 INFO  s.d.s.w.r.o.CachingOperationNameGenerator:40 - Generating unique operation named: invokeUsingGET_3
2018-12-13 09:31:51 INFO  s.d.s.w.r.o.CachingOperationNameGenerator:40 - Generating unique operation named: invokeUsingGET_4
2018-12-13 09:31:51 INFO  s.d.s.w.r.o.CachingOperationNameGenerator:40 - Generating unique operation named: invokeUsingGET_5
2018-12-13 09:31:51 INFO  s.d.s.w.r.o.CachingOperationNameGenerator:40 - Generating unique operation named: invokeUsingGET_6
2018-12-13 09:31:51 INFO  s.d.s.w.r.o.CachingOperationNameGenerator:40 - Generating unique operation named: invokeUsingGET_7
2018-12-13 09:31:51 INFO  s.d.s.w.r.o.CachingOperationNameGenerator:40 - Generating unique operation named: invokeUsingGET_8
2018-12-13 09:31:51 INFO  s.d.s.w.r.o.CachingOperationNameGenerator:40 - Generating unique operation named: invokeUsingGET_9
2018-12-13 09:31:51 INFO  s.d.s.w.r.o.CachingOperationNameGenerator:40 - Generating unique operation named: invokeUsingGET_10
2018-12-13 09:31:51 INFO  s.d.s.w.r.o.CachingOperationNameGenerator:40 - Generating unique operation named: invokeUsingGET_11
2018-12-13 09:31:51 INFO  s.d.s.w.r.o.CachingOperationNameGenerator:40 - Generating unique operation named: invokeUsingGET_12
2018-12-13 09:31:51 INFO  s.d.s.w.r.o.CachingOperationNameGenerator:40 - Generating unique operation named: invokeUsingGET_13
2018-12-13 09:31:52 INFO  s.d.s.w.r.o.CachingOperationNameGenerator:40 - Generating unique operation named: invokeUsingGET_14
2018-12-13 09:31:52 INFO  s.d.s.w.r.o.CachingOperationNameGenerator:40 - Generating unique operation named: invokeUsingGET_15
2018-12-13 09:31:52 INFO  s.d.s.w.r.o.CachingOperationNameGenerator:40 - Generating unique operation named: linksUsingGET_1
2018-12-13 09:31:52 INFO  s.d.s.w.r.o.CachingOperationNameGenerator:40 - Generating unique operation named: invokeUsingGET_16
2018-12-13 09:31:52 INFO  s.d.s.w.r.o.CachingOperationNameGenerator:40 - Generating unique operation named: invokeUsingGET_17
2018-12-13 09:31:52 INFO  s.d.s.w.r.o.CachingOperationNameGenerator:40 - Generating unique operation named: invokeUsingGET_18
2018-12-13 09:31:52 INFO  s.d.s.w.r.o.CachingOperationNameGenerator:40 - Generating unique operation named: invokeUsingGET_19
2018-12-13 09:31:52 INFO  s.d.s.w.r.o.CachingOperationNameGenerator:40 - Generating unique operation named: invokeUsingGET_20
2018-12-13 09:31:52 INFO  s.d.s.w.r.o.CachingOperationNameGenerator:40 - Generating unique operation named: invokeUsingGET_21
2018-12-13 09:31:52 INFO  s.d.s.w.r.o.CachingOperationNameGenerator:40 - Generating unique operation named: invokeUsingHEAD_1
2018-12-13 09:31:52 INFO  s.d.s.w.r.o.CachingOperationNameGenerator:40 - Generating unique operation named: invokeUsingGET_22
2018-12-13 09:31:52 INFO  s.d.s.w.r.o.CachingOperationNameGenerator:40 - Generating unique operation named: invokeUsingGET_23
2018-12-13 09:31:52 INFO  s.d.s.w.r.o.CachingOperationNameGenerator:40 - Generating unique operation named: invokeUsingGET_24
2018-12-13 09:31:52 INFO  s.d.s.w.r.o.CachingOperationNameGenerator:40 - Generating unique operation named: invokeUsingGET_25
2018-12-13 09:31:52 INFO  s.d.s.w.r.o.CachingOperationNameGenerator:40 - Generating unique operation named: valueUsingGET_1
2018-12-13 09:31:52 INFO  c.n.s.SpringBoot2RestServiceApplication:57 - Started SpringBoot2RestServiceApplication in 3.753 seconds (JVM running for 540.248)
2018-12-13 09:32:01 INFO  c.n.s.SpringBoot2RestServiceApplication:48 - Starting SpringBoot2RestServiceApplication on INUH100183 with PID 10036 (C:\Users\ndh00159\Documents\workspace-sts-3.9.6.RELEASE\Stocks-api\target\classes started by NDH00159 in C:\Users\ndh00159\Documents\workspace-sts-3.9.6.RELEASE\Stocks-api)
2018-12-13 09:32:01 INFO  c.n.s.SpringBoot2RestServiceApplication:593 - No active profile set, falling back to default profiles: default
2018-12-13 09:32:02 INFO  o.a.c.c.StandardService:179 - Starting service [Tomcat]
2018-12-13 09:32:02 INFO  o.a.c.c.StandardEngine:179 - Starting Servlet Engine: Apache Tomcat/8.5.23
2018-12-13 09:32:03 INFO  o.a.c.c.C.[.[.[/]:179 - Initializing Spring embedded WebApplicationContext
2018-12-13 09:32:03 INFO  s.d.s.w.p.DocumentationPluginsBootstrapper:84 - Context refreshed
2018-12-13 09:32:03 INFO  s.d.s.w.p.DocumentationPluginsBootstrapper:87 - Found 1 custom documentation plugin(s)
2018-12-13 09:32:03 INFO  s.d.s.w.s.ApiListingReferenceScanner:44 - Scanning for api listing references
2018-12-13 09:32:03 INFO  s.d.s.w.r.o.CachingOperationNameGenerator:40 - Generating unique operation named: findByPrincipalAndAfterAndTypeUsingGET_1
2018-12-13 09:32:03 INFO  s.d.s.w.r.o.CachingOperationNameGenerator:40 - Generating unique operation named: invokeUsingGET_1
2018-12-13 09:32:03 INFO  s.d.s.w.r.o.CachingOperationNameGenerator:40 - Generating unique operation named: invokeUsingGET_2
2018-12-13 09:32:03 INFO  s.d.s.w.r.o.CachingOperationNameGenerator:40 - Generating unique operation named: invokeUsingGET_3
2018-12-13 09:32:03 INFO  s.d.s.w.r.o.CachingOperationNameGenerator:40 - Generating unique operation named: invokeUsingGET_4
2018-12-13 09:32:03 INFO  s.d.s.w.r.o.CachingOperationNameGenerator:40 - Generating unique operation named: invokeUsingGET_5
2018-12-13 09:32:03 INFO  s.d.s.w.r.o.CachingOperationNameGenerator:40 - Generating unique operation named: invokeUsingGET_6
2018-12-13 09:32:03 INFO  s.d.s.w.r.o.CachingOperationNameGenerator:40 - Generating unique operation named: invokeUsingGET_7
2018-12-13 09:32:03 INFO  s.d.s.w.r.o.CachingOperationNameGenerator:40 - Generating unique operation named: invokeUsingGET_8
2018-12-13 09:32:03 INFO  s.d.s.w.r.o.CachingOperationNameGenerator:40 - Generating unique operation named: invokeUsingGET_9
2018-12-13 09:32:03 INFO  s.d.s.w.r.o.CachingOperationNameGenerator:40 - Generating unique operation named: invokeUsingGET_10
2018-12-13 09:32:03 INFO  s.d.s.w.r.o.CachingOperationNameGenerator:40 - Generating unique operation named: invokeUsingGET_11
2018-12-13 09:32:03 INFO  s.d.s.w.r.o.CachingOperationNameGenerator:40 - Generating unique operation named: invokeUsingGET_12
2018-12-13 09:32:03 INFO  s.d.s.w.r.o.CachingOperationNameGenerator:40 - Generating unique operation named: invokeUsingGET_13
2018-12-13 09:32:03 INFO  s.d.s.w.r.o.CachingOperationNameGenerator:40 - Generating unique operation named: invokeUsingGET_14
2018-12-13 09:32:03 INFO  s.d.s.w.r.o.CachingOperationNameGenerator:40 - Generating unique operation named: invokeUsingGET_15
2018-12-13 09:32:03 INFO  s.d.s.w.r.o.CachingOperationNameGenerator:40 - Generating unique operation named: linksUsingGET_1
2018-12-13 09:32:04 INFO  s.d.s.w.r.o.CachingOperationNameGenerator:40 - Generating unique operation named: invokeUsingGET_16
2018-12-13 09:32:04 INFO  s.d.s.w.r.o.CachingOperationNameGenerator:40 - Generating unique operation named: invokeUsingGET_17
2018-12-13 09:32:04 INFO  s.d.s.w.r.o.CachingOperationNameGenerator:40 - Generating unique operation named: invokeUsingGET_18
2018-12-13 09:32:04 INFO  s.d.s.w.r.o.CachingOperationNameGenerator:40 - Generating unique operation named: invokeUsingGET_19
2018-12-13 09:32:04 INFO  s.d.s.w.r.o.CachingOperationNameGenerator:40 - Generating unique operation named: invokeUsingGET_20
2018-12-13 09:32:04 INFO  s.d.s.w.r.o.CachingOperationNameGenerator:40 - Generating unique operation named: invokeUsingGET_21
2018-12-13 09:32:04 INFO  s.d.s.w.r.o.CachingOperationNameGenerator:40 - Generating unique operation named: invokeUsingHEAD_1
2018-12-13 09:32:04 INFO  s.d.s.w.r.o.CachingOperationNameGenerator:40 - Generating unique operation named: invokeUsingGET_22
2018-12-13 09:32:04 INFO  s.d.s.w.r.o.CachingOperationNameGenerator:40 - Generating unique operation named: invokeUsingGET_23
2018-12-13 09:32:04 INFO  s.d.s.w.r.o.CachingOperationNameGenerator:40 - Generating unique operation named: invokeUsingGET_24
2018-12-13 09:32:04 INFO  s.d.s.w.r.o.CachingOperationNameGenerator:40 - Generating unique operation named: invokeUsingGET_25
2018-12-13 09:32:04 INFO  s.d.s.w.r.o.CachingOperationNameGenerator:40 - Generating unique operation named: valueUsingGET_1
2018-12-13 09:32:04 INFO  c.n.s.SpringBoot2RestServiceApplication:57 - Started SpringBoot2RestServiceApplication in 2.858 seconds (JVM running for 552.22)
2018-12-13 09:32:39 INFO  c.n.s.SpringBoot2RestServiceApplication:48 - Starting SpringBoot2RestServiceApplication on INUH100183 with PID 252 (C:\Users\ndh00159\Documents\workspace-sts-3.9.6.RELEASE\Stocks-api\target\classes started by NDH00159 in C:\Users\ndh00159\Documents\workspace-sts-3.9.6.RELEASE\Stocks-api)
2018-12-13 09:32:39 INFO  c.n.s.SpringBoot2RestServiceApplication:593 - No active profile set, falling back to default profiles: default
2018-12-13 09:32:46 INFO  o.a.c.c.StandardService:179 - Starting service [Tomcat]
2018-12-13 09:32:46 INFO  o.a.c.c.StandardEngine:179 - Starting Servlet Engine: Apache Tomcat/8.5.23
2018-12-13 09:32:46 INFO  o.a.c.c.C.[.[.[/]:179 - Initializing Spring embedded WebApplicationContext
2018-12-13 09:32:51 INFO  s.d.s.w.p.DocumentationPluginsBootstrapper:84 - Context refreshed
2018-12-13 09:32:51 INFO  s.d.s.w.p.DocumentationPluginsBootstrapper:87 - Found 1 custom documentation plugin(s)
2018-12-13 09:32:51 INFO  s.d.s.w.s.ApiListingReferenceScanner:44 - Scanning for api listing references
2018-12-13 09:32:52 INFO  s.d.s.w.r.o.CachingOperationNameGenerator:40 - Generating unique operation named: findByPrincipalAndAfterAndTypeUsingGET_1
2018-12-13 09:32:52 INFO  s.d.s.w.r.o.CachingOperationNameGenerator:40 - Generating unique operation named: invokeUsingGET_1
2018-12-13 09:32:52 INFO  s.d.s.w.r.o.CachingOperationNameGenerator:40 - Generating unique operation named: invokeUsingGET_2
2018-12-13 09:32:52 INFO  s.d.s.w.r.o.CachingOperationNameGenerator:40 - Generating unique operation named: invokeUsingGET_3
2018-12-13 09:32:52 INFO  s.d.s.w.r.o.CachingOperationNameGenerator:40 - Generating unique operation named: invokeUsingGET_4
2018-12-13 09:32:52 INFO  s.d.s.w.r.o.CachingOperationNameGenerator:40 - Generating unique operation named: invokeUsingGET_5
2018-12-13 09:32:52 INFO  s.d.s.w.r.o.CachingOperationNameGenerator:40 - Generating unique operation named: invokeUsingGET_6
2018-12-13 09:32:52 INFO  s.d.s.w.r.o.CachingOperationNameGenerator:40 - Generating unique operation named: invokeUsingGET_7
2018-12-13 09:32:52 INFO  s.d.s.w.r.o.CachingOperationNameGenerator:40 - Generating unique operation named: invokeUsingGET_8
2018-12-13 09:32:52 INFO  s.d.s.w.r.o.CachingOperationNameGenerator:40 - Generating unique operation named: invokeUsingGET_9
2018-12-13 09:32:52 INFO  s.d.s.w.r.o.CachingOperationNameGenerator:40 - Generating unique operation named: invokeUsingGET_10
2018-12-13 09:32:52 INFO  s.d.s.w.r.o.CachingOperationNameGenerator:40 - Generating unique operation named: invokeUsingGET_11
2018-12-13 09:32:52 INFO  s.d.s.w.r.o.CachingOperationNameGenerator:40 - Generating unique operation named: invokeUsingGET_12
2018-12-13 09:32:52 INFO  s.d.s.w.r.o.CachingOperationNameGenerator:40 - Generating unique operation named: invokeUsingGET_13
2018-12-13 09:32:52 INFO  s.d.s.w.r.o.CachingOperationNameGenerator:40 - Generating unique operation named: invokeUsingGET_14
2018-12-13 09:32:52 INFO  s.d.s.w.r.o.CachingOperationNameGenerator:40 - Generating unique operation named: invokeUsingGET_15
2018-12-13 09:32:52 INFO  s.d.s.w.r.o.CachingOperationNameGenerator:40 - Generating unique operation named: linksUsingGET_1
2018-12-13 09:32:52 INFO  s.d.s.w.r.o.CachingOperationNameGenerator:40 - Generating unique operation named: invokeUsingGET_16
2018-12-13 09:32:52 INFO  s.d.s.w.r.o.CachingOperationNameGenerator:40 - Generating unique operation named: invokeUsingGET_17
2018-12-13 09:32:52 INFO  s.d.s.w.r.o.CachingOperationNameGenerator:40 - Generating unique operation named: invokeUsingGET_18
2018-12-13 09:32:52 INFO  s.d.s.w.r.o.CachingOperationNameGenerator:40 - Generating unique operation named: invokeUsingGET_19
2018-12-13 09:32:52 INFO  s.d.s.w.r.o.CachingOperationNameGenerator:40 - Generating unique operation named: invokeUsingGET_20
2018-12-13 09:32:52 INFO  s.d.s.w.r.o.CachingOperationNameGenerator:40 - Generating unique operation named: invokeUsingGET_21
2018-12-13 09:32:52 INFO  s.d.s.w.r.o.CachingOperationNameGenerator:40 - Generating unique operation named: invokeUsingHEAD_1
2018-12-13 09:32:52 INFO  s.d.s.w.r.o.CachingOperationNameGenerator:40 - Generating unique operation named: invokeUsingGET_22
2018-12-13 09:32:52 INFO  s.d.s.w.r.o.CachingOperationNameGenerator:40 - Generating unique operation named: invokeUsingGET_23
2018-12-13 09:32:52 INFO  s.d.s.w.r.o.CachingOperationNameGenerator:40 - Generating unique operation named: invokeUsingGET_24
2018-12-13 09:32:52 INFO  s.d.s.w.r.o.CachingOperationNameGenerator:40 - Generating unique operation named: invokeUsingGET_25
2018-12-13 09:32:52 INFO  s.d.s.w.r.o.CachingOperationNameGenerator:40 - Generating unique operation named: valueUsingGET_1
2018-12-13 09:32:52 INFO  c.n.s.SpringBoot2RestServiceApplication:57 - Started SpringBoot2RestServiceApplication in 14.165 seconds (JVM running for 15.526)
2018-12-13 09:33:24 INFO  o.a.c.c.C.[.[.[/]:179 - Initializing Spring FrameworkServlet 'dispatcherServlet'
2018-12-13 09:33:48 ERROR o.a.c.c.C.[.[.[.[dispatcherServlet]:181 - Servlet.service() for servlet [dispatcherServlet] in context with path [] threw exception [Request processing failed; nested exception is org.springframework.web.client.HttpServerErrorException: 503 Service Unavailable] with root cause
org.springframework.web.client.HttpServerErrorException: 503 Service Unavailable
	at org.springframework.web.client.DefaultResponseErrorHandler.handleError(DefaultResponseErrorHandler.java:88)
	at org.springframework.web.client.RestTemplate.handleResponse(RestTemplate.java:707)
	at org.springframework.web.client.RestTemplate.doExecute(RestTemplate.java:660)
	at org.springframework.web.client.RestTemplate.execute(RestTemplate.java:620)
	at org.springframework.web.client.RestTemplate.exchange(RestTemplate.java:538)
	at com.nissandigital.stockapi.rest.StockApiResource.globalQuote(StockApiResource.java:67)
	at sun.reflect.NativeMethodAccessorImpl.invoke0(Native Method)
	at sun.reflect.NativeMethodAccessorImpl.invoke(NativeMethodAccessorImpl.java:62)
	at sun.reflect.DelegatingMethodAccessorImpl.invoke(DelegatingMethodAccessorImpl.java:43)
	at java.lang.reflect.Method.invoke(Method.java:498)
	at org.springframework.web.method.support.InvocableHandlerMethod.doInvoke(InvocableHandlerMethod.java:205)
	at org.springframework.web.method.support.InvocableHandlerMethod.invokeForRequest(InvocableHandlerMethod.java:133)
	at org.springframework.web.servlet.mvc.method.annotation.ServletInvocableHandlerMethod.invokeAndHandle(ServletInvocableHandlerMethod.java:97)
	at org.springframework.web.servlet.mvc.method.annotation.RequestMappingHandlerAdapter.invokeHandlerMethod(RequestMappingHandlerAdapter.java:827)
	at org.springframework.web.servlet.mvc.method.annotation.RequestMappingHandlerAdapter.handleInternal(RequestMappingHandlerAdapter.java:738)
	at org.springframework.web.servlet.mvc.method.AbstractHandlerMethodAdapter.handle(AbstractHandlerMethodAdapter.java:85)
	at org.springframework.web.servlet.DispatcherServlet.doDispatch(DispatcherServlet.java:967)
	at org.springframework.web.servlet.DispatcherServlet.doService(DispatcherServlet.java:901)
	at org.springframework.web.servlet.FrameworkServlet.processRequest(FrameworkServlet.java:970)
	at org.springframework.web.servlet.FrameworkServlet.doGet(FrameworkServlet.java:861)
	at javax.servlet.http.HttpServlet.service(HttpServlet.java:635)
	at org.springframework.web.servlet.FrameworkServlet.service(FrameworkServlet.java:846)
	at javax.servlet.http.HttpServlet.service(HttpServlet.java:742)
	at org.apache.catalina.core.ApplicationFilterChain.internalDoFilter(ApplicationFilterChain.java:231)
	at org.apache.catalina.core.ApplicationFilterChain.doFilter(ApplicationFilterChain.java:166)
	at org.apache.tomcat.websocket.server.WsFilter.doFilter(WsFilter.java:52)
	at org.apache.catalina.core.ApplicationFilterChain.internalDoFilter(ApplicationFilterChain.java:193)
	at org.apache.catalina.core.ApplicationFilterChain.doFilter(ApplicationFilterChain.java:166)
	at org.springframework.boot.web.filter.ApplicationContextHeaderFilter.doFilterInternal(ApplicationContextHeaderFilter.java:55)
	at org.springframework.web.filter.OncePerRequestFilter.doFilter(OncePerRequestFilter.java:107)
	at org.apache.catalina.core.ApplicationFilterChain.internalDoFilter(ApplicationFilterChain.java:193)
	at org.apache.catalina.core.ApplicationFilterChain.doFilter(ApplicationFilterChain.java:166)
	at org.springframework.boot.actuate.trace.WebRequestTraceFilter.doFilterInternal(WebRequestTraceFilter.java:110)
	at org.springframework.web.filter.OncePerRequestFilter.doFilter(OncePerRequestFilter.java:107)
	at org.apache.catalina.core.ApplicationFilterChain.internalDoFilter(ApplicationFilterChain.java:193)
	at org.apache.catalina.core.ApplicationFilterChain.doFilter(ApplicationFilterChain.java:166)
	at org.springframework.web.filter.RequestContextFilter.doFilterInternal(RequestContextFilter.java:99)
	at org.springframework.web.filter.OncePerRequestFilter.doFilter(OncePerRequestFilter.java:107)
	at org.apache.catalina.core.ApplicationFilterChain.internalDoFilter(ApplicationFilterChain.java:193)
	at org.apache.catalina.core.ApplicationFilterChain.doFilter(ApplicationFilterChain.java:166)
	at org.springframework.web.filter.HttpPutFormContentFilter.doFilterInternal(HttpPutFormContentFilter.java:108)
	at org.springframework.web.filter.OncePerRequestFilter.doFilter(OncePerRequestFilter.java:107)
	at org.apache.catalina.core.ApplicationFilterChain.internalDoFilter(ApplicationFilterChain.java:193)
	at org.apache.catalina.core.ApplicationFilterChain.doFilter(ApplicationFilterChain.java:166)
	at org.springframework.web.filter.HiddenHttpMethodFilter.doFilterInternal(HiddenHttpMethodFilter.java:81)
	at org.springframework.web.filter.OncePerRequestFilter.doFilter(OncePerRequestFilter.java:107)
	at org.apache.catalina.core.ApplicationFilterChain.internalDoFilter(ApplicationFilterChain.java:193)
	at org.apache.catalina.core.ApplicationFilterChain.doFilter(ApplicationFilterChain.java:166)
	at org.springframework.web.filter.CharacterEncodingFilter.doFilterInternal(CharacterEncodingFilter.java:197)
	at org.springframework.web.filter.OncePerRequestFilter.doFilter(OncePerRequestFilter.java:107)
	at org.apache.catalina.core.ApplicationFilterChain.internalDoFilter(ApplicationFilterChain.java:193)
	at org.apache.catalina.core.ApplicationFilterChain.doFilter(ApplicationFilterChain.java:166)
	at org.springframework.boot.actuate.autoconfigure.MetricsFilter.doFilterInternal(MetricsFilter.java:106)
	at org.springframework.web.filter.OncePerRequestFilter.doFilter(OncePerRequestFilter.java:107)
	at org.apache.catalina.core.ApplicationFilterChain.internalDoFilter(ApplicationFilterChain.java:193)
	at org.apache.catalina.core.ApplicationFilterChain.doFilter(ApplicationFilterChain.java:166)
	at org.apache.catalina.core.StandardWrapperValve.invoke(StandardWrapperValve.java:199)
	at org.apache.catalina.core.StandardContextValve.invoke(StandardContextValve.java:96)
	at org.apache.catalina.authenticator.AuthenticatorBase.invoke(AuthenticatorBase.java:478)
	at org.apache.catalina.core.StandardHostValve.invoke(StandardHostValve.java:140)
	at org.apache.catalina.valves.ErrorReportValve.invoke(ErrorReportValve.java:81)
	at org.apache.catalina.core.StandardEngineValve.invoke(StandardEngineValve.java:87)
	at org.apache.catalina.connector.CoyoteAdapter.service(CoyoteAdapter.java:342)
	at org.apache.coyote.http11.Http11Processor.service(Http11Processor.java:803)
	at org.apache.coyote.AbstractProcessorLight.process(AbstractProcessorLight.java:66)
	at org.apache.coyote.AbstractProtocol$ConnectionHandler.process(AbstractProtocol.java:868)
	at org.apache.tomcat.util.net.NioEndpoint$SocketProcessor.doRun(NioEndpoint.java:1459)
	at org.apache.tomcat.util.net.SocketProcessorBase.run(SocketProcessorBase.java:49)
	at java.util.concurrent.ThreadPoolExecutor.runWorker(ThreadPoolExecutor.java:1149)
	at java.util.concurrent.ThreadPoolExecutor$Worker.run(ThreadPoolExecutor.java:624)
	at org.apache.tomcat.util.threads.TaskThread$WrappingRunnable.run(TaskThread.java:61)
	at java.lang.Thread.run(Thread.java:748)
2018-12-13 09:35:30 INFO  c.n.s.SpringBoot2RestServiceApplication:48 - Starting SpringBoot2RestServiceApplication on INUH100183 with PID 9536 (C:\Users\ndh00159\Documents\workspace-sts-3.9.6.RELEASE\Stocks-api\target\classes started by NDH00159 in C:\Users\ndh00159\Documents\workspace-sts-3.9.6.RELEASE\Stocks-api)
2018-12-13 09:35:30 INFO  c.n.s.SpringBoot2RestServiceApplication:593 - No active profile set, falling back to default profiles: default
2018-12-13 09:35:40 INFO  o.a.c.c.StandardService:179 - Starting service [Tomcat]
2018-12-13 09:35:40 INFO  o.a.c.c.StandardEngine:179 - Starting Servlet Engine: Apache Tomcat/8.5.23
2018-12-13 09:35:40 INFO  o.a.c.c.C.[.[.[/]:179 - Initializing Spring embedded WebApplicationContext
2018-12-13 09:35:48 INFO  s.d.s.w.p.DocumentationPluginsBootstrapper:84 - Context refreshed
2018-12-13 09:35:49 INFO  s.d.s.w.p.DocumentationPluginsBootstrapper:87 - Found 1 custom documentation plugin(s)
2018-12-13 09:35:49 INFO  s.d.s.w.s.ApiListingReferenceScanner:44 - Scanning for api listing references
2018-12-13 09:35:49 INFO  s.d.s.w.r.o.CachingOperationNameGenerator:40 - Generating unique operation named: findByPrincipalAndAfterAndTypeUsingGET_1
2018-12-13 09:35:50 INFO  s.d.s.w.r.o.CachingOperationNameGenerator:40 - Generating unique operation named: invokeUsingGET_1
2018-12-13 09:35:50 INFO  s.d.s.w.r.o.CachingOperationNameGenerator:40 - Generating unique operation named: invokeUsingGET_2
2018-12-13 09:35:50 INFO  s.d.s.w.r.o.CachingOperationNameGenerator:40 - Generating unique operation named: invokeUsingGET_3
2018-12-13 09:35:50 INFO  s.d.s.w.r.o.CachingOperationNameGenerator:40 - Generating unique operation named: invokeUsingGET_4
2018-12-13 09:35:50 INFO  s.d.s.w.r.o.CachingOperationNameGenerator:40 - Generating unique operation named: invokeUsingGET_5
2018-12-13 09:35:50 INFO  s.d.s.w.r.o.CachingOperationNameGenerator:40 - Generating unique operation named: invokeUsingGET_6
2018-12-13 09:35:50 INFO  s.d.s.w.r.o.CachingOperationNameGenerator:40 - Generating unique operation named: invokeUsingGET_7
2018-12-13 09:35:50 INFO  s.d.s.w.r.o.CachingOperationNameGenerator:40 - Generating unique operation named: invokeUsingGET_8
2018-12-13 09:35:50 INFO  s.d.s.w.r.o.CachingOperationNameGenerator:40 - Generating unique operation named: invokeUsingGET_9
2018-12-13 09:35:50 INFO  s.d.s.w.r.o.CachingOperationNameGenerator:40 - Generating unique operation named: invokeUsingGET_10
2018-12-13 09:35:50 INFO  s.d.s.w.r.o.CachingOperationNameGenerator:40 - Generating unique operation named: invokeUsingGET_11
2018-12-13 09:35:50 INFO  s.d.s.w.r.o.CachingOperationNameGenerator:40 - Generating unique operation named: invokeUsingGET_12
2018-12-13 09:35:50 INFO  s.d.s.w.r.o.CachingOperationNameGenerator:40 - Generating unique operation named: invokeUsingGET_13
2018-12-13 09:35:50 INFO  s.d.s.w.r.o.CachingOperationNameGenerator:40 - Generating unique operation named: invokeUsingGET_14
2018-12-13 09:35:50 INFO  s.d.s.w.r.o.CachingOperationNameGenerator:40 - Generating unique operation named: invokeUsingGET_15
2018-12-13 09:35:50 INFO  s.d.s.w.r.o.CachingOperationNameGenerator:40 - Generating unique operation named: linksUsingGET_1
2018-12-13 09:35:50 INFO  s.d.s.w.r.o.CachingOperationNameGenerator:40 - Generating unique operation named: invokeUsingGET_16
2018-12-13 09:35:50 INFO  s.d.s.w.r.o.CachingOperationNameGenerator:40 - Generating unique operation named: invokeUsingGET_17
2018-12-13 09:35:50 INFO  s.d.s.w.r.o.CachingOperationNameGenerator:40 - Generating unique operation named: invokeUsingGET_18
2018-12-13 09:35:50 INFO  s.d.s.w.r.o.CachingOperationNameGenerator:40 - Generating unique operation named: invokeUsingGET_19
2018-12-13 09:35:50 INFO  s.d.s.w.r.o.CachingOperationNameGenerator:40 - Generating unique operation named: invokeUsingGET_20
2018-12-13 09:35:50 INFO  s.d.s.w.r.o.CachingOperationNameGenerator:40 - Generating unique operation named: invokeUsingGET_21
2018-12-13 09:35:50 INFO  s.d.s.w.r.o.CachingOperationNameGenerator:40 - Generating unique operation named: invokeUsingHEAD_1
2018-12-13 09:35:50 INFO  s.d.s.w.r.o.CachingOperationNameGenerator:40 - Generating unique operation named: invokeUsingGET_22
2018-12-13 09:35:50 INFO  s.d.s.w.r.o.CachingOperationNameGenerator:40 - Generating unique operation named: invokeUsingGET_23
2018-12-13 09:35:50 INFO  s.d.s.w.r.o.CachingOperationNameGenerator:40 - Generating unique operation named: invokeUsingGET_24
2018-12-13 09:35:50 INFO  s.d.s.w.r.o.CachingOperationNameGenerator:40 - Generating unique operation named: invokeUsingGET_25
2018-12-13 09:35:51 INFO  s.d.s.w.r.o.CachingOperationNameGenerator:40 - Generating unique operation named: valueUsingGET_1
2018-12-13 09:35:51 INFO  c.n.s.SpringBoot2RestServiceApplication:57 - Started SpringBoot2RestServiceApplication in 22.045 seconds (JVM running for 24.382)
2018-12-13 09:36:40 INFO  o.a.c.c.C.[.[.[/]:179 - Initializing Spring FrameworkServlet 'dispatcherServlet'
2018-12-13 09:37:46 INFO  c.n.s.SpringBoot2RestServiceApplication:48 - Starting SpringBoot2RestServiceApplication on INUH100183 with PID 7472 (C:\Users\ndh00159\Documents\workspace-sts-3.9.6.RELEASE\Stocks-api\target\classes started by NDH00159 in C:\Users\ndh00159\Documents\workspace-sts-3.9.6.RELEASE\Stocks-api)
2018-12-13 09:37:46 INFO  c.n.s.SpringBoot2RestServiceApplication:593 - No active profile set, falling back to default profiles: default
2018-12-13 09:37:53 INFO  o.a.c.c.StandardService:179 - Starting service [Tomcat]
2018-12-13 09:37:53 INFO  o.a.c.c.StandardEngine:179 - Starting Servlet Engine: Apache Tomcat/8.5.23
2018-12-13 09:37:54 INFO  o.a.c.c.C.[.[.[/]:179 - Initializing Spring embedded WebApplicationContext
2018-12-13 09:37:59 INFO  s.d.s.w.p.DocumentationPluginsBootstrapper:84 - Context refreshed
2018-12-13 09:37:59 INFO  s.d.s.w.p.DocumentationPluginsBootstrapper:87 - Found 1 custom documentation plugin(s)
2018-12-13 09:37:59 INFO  s.d.s.w.s.ApiListingReferenceScanner:44 - Scanning for api listing references
2018-12-13 09:38:00 INFO  s.d.s.w.r.o.CachingOperationNameGenerator:40 - Generating unique operation named: findByPrincipalAndAfterAndTypeUsingGET_1
2018-12-13 09:38:00 INFO  s.d.s.w.r.o.CachingOperationNameGenerator:40 - Generating unique operation named: invokeUsingGET_1
2018-12-13 09:38:00 INFO  s.d.s.w.r.o.CachingOperationNameGenerator:40 - Generating unique operation named: invokeUsingGET_2
2018-12-13 09:38:00 INFO  s.d.s.w.r.o.CachingOperationNameGenerator:40 - Generating unique operation named: invokeUsingGET_3
2018-12-13 09:38:00 INFO  s.d.s.w.r.o.CachingOperationNameGenerator:40 - Generating unique operation named: invokeUsingGET_4
2018-12-13 09:38:00 INFO  s.d.s.w.r.o.CachingOperationNameGenerator:40 - Generating unique operation named: invokeUsingGET_5
2018-12-13 09:38:00 INFO  s.d.s.w.r.o.CachingOperationNameGenerator:40 - Generating unique operation named: invokeUsingGET_6
2018-12-13 09:38:00 INFO  s.d.s.w.r.o.CachingOperationNameGenerator:40 - Generating unique operation named: invokeUsingGET_7
2018-12-13 09:38:00 INFO  s.d.s.w.r.o.CachingOperationNameGenerator:40 - Generating unique operation named: invokeUsingGET_8
2018-12-13 09:38:00 INFO  s.d.s.w.r.o.CachingOperationNameGenerator:40 - Generating unique operation named: invokeUsingGET_9
2018-12-13 09:38:00 INFO  s.d.s.w.r.o.CachingOperationNameGenerator:40 - Generating unique operation named: invokeUsingGET_10
2018-12-13 09:38:00 INFO  s.d.s.w.r.o.CachingOperationNameGenerator:40 - Generating unique operation named: invokeUsingGET_11
2018-12-13 09:38:00 INFO  s.d.s.w.r.o.CachingOperationNameGenerator:40 - Generating unique operation named: invokeUsingGET_12
2018-12-13 09:38:00 INFO  s.d.s.w.r.o.CachingOperationNameGenerator:40 - Generating unique operation named: invokeUsingGET_13
2018-12-13 09:38:00 INFO  s.d.s.w.r.o.CachingOperationNameGenerator:40 - Generating unique operation named: invokeUsingGET_14
2018-12-13 09:38:00 INFO  s.d.s.w.r.o.CachingOperationNameGenerator:40 - Generating unique operation named: invokeUsingGET_15
2018-12-13 09:38:00 INFO  s.d.s.w.r.o.CachingOperationNameGenerator:40 - Generating unique operation named: linksUsingGET_1
2018-12-13 09:38:00 INFO  s.d.s.w.r.o.CachingOperationNameGenerator:40 - Generating unique operation named: invokeUsingGET_16
2018-12-13 09:38:00 INFO  s.d.s.w.r.o.CachingOperationNameGenerator:40 - Generating unique operation named: invokeUsingGET_17
2018-12-13 09:38:00 INFO  s.d.s.w.r.o.CachingOperationNameGenerator:40 - Generating unique operation named: invokeUsingGET_18
2018-12-13 09:38:00 INFO  s.d.s.w.r.o.CachingOperationNameGenerator:40 - Generating unique operation named: invokeUsingGET_19
2018-12-13 09:38:00 INFO  s.d.s.w.r.o.CachingOperationNameGenerator:40 - Generating unique operation named: invokeUsingGET_20
2018-12-13 09:38:00 INFO  s.d.s.w.r.o.CachingOperationNameGenerator:40 - Generating unique operation named: invokeUsingGET_21
2018-12-13 09:38:00 INFO  s.d.s.w.r.o.CachingOperationNameGenerator:40 - Generating unique operation named: invokeUsingHEAD_1
2018-12-13 09:38:00 INFO  s.d.s.w.r.o.CachingOperationNameGenerator:40 - Generating unique operation named: invokeUsingGET_22
2018-12-13 09:38:00 INFO  s.d.s.w.r.o.CachingOperationNameGenerator:40 - Generating unique operation named: invokeUsingGET_23
2018-12-13 09:38:00 INFO  s.d.s.w.r.o.CachingOperationNameGenerator:40 - Generating unique operation named: invokeUsingGET_24
2018-12-13 09:38:00 INFO  s.d.s.w.r.o.CachingOperationNameGenerator:40 - Generating unique operation named: invokeUsingGET_25
2018-12-13 09:38:00 INFO  s.d.s.w.r.o.CachingOperationNameGenerator:40 - Generating unique operation named: valueUsingGET_1
2018-12-13 09:38:01 INFO  c.n.s.SpringBoot2RestServiceApplication:57 - Started SpringBoot2RestServiceApplication in 15.239 seconds (JVM running for 16.664)
2018-12-13 09:38:10 INFO  o.a.c.c.C.[.[.[/]:179 - Initializing Spring FrameworkServlet 'dispatcherServlet'
2018-12-13 09:41:45 INFO  c.n.s.SpringBoot2RestServiceApplication:48 - Starting SpringBoot2RestServiceApplication on INUH100183 with PID 12092 (C:\Users\ndh00159\Documents\workspace-sts-3.9.6.RELEASE\Stocks-api\target\classes started by NDH00159 in C:\Users\ndh00159\Documents\workspace-sts-3.9.6.RELEASE\Stocks-api)
2018-12-13 09:41:45 INFO  c.n.s.SpringBoot2RestServiceApplication:593 - No active profile set, falling back to default profiles: default
2018-12-13 09:41:53 INFO  o.a.c.c.StandardService:179 - Starting service [Tomcat]
2018-12-13 09:41:53 INFO  o.a.c.c.StandardEngine:179 - Starting Servlet Engine: Apache Tomcat/8.5.23
2018-12-13 09:41:53 INFO  o.a.c.c.C.[.[.[/]:179 - Initializing Spring embedded WebApplicationContext
2018-12-13 09:42:00 INFO  s.d.s.w.p.DocumentationPluginsBootstrapper:84 - Context refreshed
2018-12-13 09:42:00 INFO  s.d.s.w.p.DocumentationPluginsBootstrapper:87 - Found 1 custom documentation plugin(s)
2018-12-13 09:42:00 INFO  s.d.s.w.s.ApiListingReferenceScanner:44 - Scanning for api listing references
2018-12-13 09:42:01 INFO  s.d.s.w.r.o.CachingOperationNameGenerator:40 - Generating unique operation named: findByPrincipalAndAfterAndTypeUsingGET_1
2018-12-13 09:42:02 INFO  s.d.s.w.r.o.CachingOperationNameGenerator:40 - Generating unique operation named: invokeUsingGET_1
2018-12-13 09:42:02 INFO  s.d.s.w.r.o.CachingOperationNameGenerator:40 - Generating unique operation named: invokeUsingGET_2
2018-12-13 09:42:02 INFO  s.d.s.w.r.o.CachingOperationNameGenerator:40 - Generating unique operation named: invokeUsingGET_3
2018-12-13 09:42:02 INFO  s.d.s.w.r.o.CachingOperationNameGenerator:40 - Generating unique operation named: invokeUsingGET_4
2018-12-13 09:42:02 INFO  s.d.s.w.r.o.CachingOperationNameGenerator:40 - Generating unique operation named: invokeUsingGET_5
2018-12-13 09:42:02 INFO  s.d.s.w.r.o.CachingOperationNameGenerator:40 - Generating unique operation named: invokeUsingGET_6
2018-12-13 09:42:02 INFO  s.d.s.w.r.o.CachingOperationNameGenerator:40 - Generating unique operation named: invokeUsingGET_7
2018-12-13 09:42:02 INFO  s.d.s.w.r.o.CachingOperationNameGenerator:40 - Generating unique operation named: invokeUsingGET_8
2018-12-13 09:42:02 INFO  s.d.s.w.r.o.CachingOperationNameGenerator:40 - Generating unique operation named: invokeUsingGET_9
2018-12-13 09:42:02 INFO  s.d.s.w.r.o.CachingOperationNameGenerator:40 - Generating unique operation named: invokeUsingGET_10
2018-12-13 09:42:02 INFO  s.d.s.w.r.o.CachingOperationNameGenerator:40 - Generating unique operation named: invokeUsingGET_11
2018-12-13 09:42:02 INFO  s.d.s.w.r.o.CachingOperationNameGenerator:40 - Generating unique operation named: invokeUsingGET_12
2018-12-13 09:42:02 INFO  s.d.s.w.r.o.CachingOperationNameGenerator:40 - Generating unique operation named: invokeUsingGET_13
2018-12-13 09:42:02 INFO  s.d.s.w.r.o.CachingOperationNameGenerator:40 - Generating unique operation named: invokeUsingGET_14
2018-12-13 09:42:02 INFO  s.d.s.w.r.o.CachingOperationNameGenerator:40 - Generating unique operation named: invokeUsingGET_15
2018-12-13 09:42:02 INFO  s.d.s.w.r.o.CachingOperationNameGenerator:40 - Generating unique operation named: linksUsingGET_1
2018-12-13 09:42:02 INFO  s.d.s.w.r.o.CachingOperationNameGenerator:40 - Generating unique operation named: invokeUsingGET_16
2018-12-13 09:42:02 INFO  s.d.s.w.r.o.CachingOperationNameGenerator:40 - Generating unique operation named: invokeUsingGET_17
2018-12-13 09:42:02 INFO  s.d.s.w.r.o.CachingOperationNameGenerator:40 - Generating unique operation named: invokeUsingGET_18
2018-12-13 09:42:02 INFO  s.d.s.w.r.o.CachingOperationNameGenerator:40 - Generating unique operation named: invokeUsingGET_19
2018-12-13 09:42:02 INFO  s.d.s.w.r.o.CachingOperationNameGenerator:40 - Generating unique operation named: invokeUsingGET_20
2018-12-13 09:42:02 INFO  s.d.s.w.r.o.CachingOperationNameGenerator:40 - Generating unique operation named: invokeUsingGET_21
2018-12-13 09:42:02 INFO  s.d.s.w.r.o.CachingOperationNameGenerator:40 - Generating unique operation named: invokeUsingHEAD_1
2018-12-13 09:42:03 INFO  s.d.s.w.r.o.CachingOperationNameGenerator:40 - Generating unique operation named: invokeUsingGET_22
2018-12-13 09:42:03 INFO  s.d.s.w.r.o.CachingOperationNameGenerator:40 - Generating unique operation named: invokeUsingGET_23
2018-12-13 09:42:03 INFO  s.d.s.w.r.o.CachingOperationNameGenerator:40 - Generating unique operation named: invokeUsingGET_24
2018-12-13 09:42:03 INFO  s.d.s.w.r.o.CachingOperationNameGenerator:40 - Generating unique operation named: invokeUsingGET_25
2018-12-13 09:42:03 INFO  s.d.s.w.r.o.CachingOperationNameGenerator:40 - Generating unique operation named: valueUsingGET_1
2018-12-13 09:42:03 INFO  c.n.s.SpringBoot2RestServiceApplication:57 - Started SpringBoot2RestServiceApplication in 19.284 seconds (JVM running for 20.814)
2018-12-13 09:43:31 INFO  o.a.c.c.C.[.[.[/]:179 - Initializing Spring FrameworkServlet 'dispatcherServlet'
2018-12-13 09:52:20 INFO  c.n.s.SpringBoot2RestServiceApplication:48 - Starting SpringBoot2RestServiceApplication on INUH100183 with PID 10952 (C:\Users\ndh00159\Documents\workspace-sts-3.9.6.RELEASE\Stocks-api\target\classes started by NDH00159 in C:\Users\ndh00159\Documents\workspace-sts-3.9.6.RELEASE\Stocks-api)
2018-12-13 09:52:20 INFO  c.n.s.SpringBoot2RestServiceApplication:593 - No active profile set, falling back to default profiles: default
2018-12-13 09:52:27 INFO  o.a.c.c.StandardService:179 - Starting service [Tomcat]
2018-12-13 09:52:27 INFO  o.a.c.c.StandardEngine:179 - Starting Servlet Engine: Apache Tomcat/8.5.23
2018-12-13 09:52:27 INFO  o.a.c.c.C.[.[.[/]:179 - Initializing Spring embedded WebApplicationContext
2018-12-13 09:52:31 INFO  s.d.s.w.p.DocumentationPluginsBootstrapper:84 - Context refreshed
2018-12-13 09:52:31 INFO  s.d.s.w.p.DocumentationPluginsBootstrapper:87 - Found 1 custom documentation plugin(s)
2018-12-13 09:52:31 INFO  s.d.s.w.s.ApiListingReferenceScanner:44 - Scanning for api listing references
2018-12-13 09:52:31 INFO  s.d.s.w.r.o.CachingOperationNameGenerator:40 - Generating unique operation named: findByPrincipalAndAfterAndTypeUsingGET_1
2018-12-13 09:52:32 INFO  s.d.s.w.r.o.CachingOperationNameGenerator:40 - Generating unique operation named: invokeUsingGET_1
2018-12-13 09:52:32 INFO  s.d.s.w.r.o.CachingOperationNameGenerator:40 - Generating unique operation named: invokeUsingGET_2
2018-12-13 09:52:32 INFO  s.d.s.w.r.o.CachingOperationNameGenerator:40 - Generating unique operation named: invokeUsingGET_3
2018-12-13 09:52:32 INFO  s.d.s.w.r.o.CachingOperationNameGenerator:40 - Generating unique operation named: invokeUsingGET_4
2018-12-13 09:52:32 INFO  s.d.s.w.r.o.CachingOperationNameGenerator:40 - Generating unique operation named: invokeUsingGET_5
2018-12-13 09:52:32 INFO  s.d.s.w.r.o.CachingOperationNameGenerator:40 - Generating unique operation named: invokeUsingGET_6
2018-12-13 09:52:32 INFO  s.d.s.w.r.o.CachingOperationNameGenerator:40 - Generating unique operation named: invokeUsingGET_7
2018-12-13 09:52:32 INFO  s.d.s.w.r.o.CachingOperationNameGenerator:40 - Generating unique operation named: invokeUsingGET_8
2018-12-13 09:52:32 INFO  s.d.s.w.r.o.CachingOperationNameGenerator:40 - Generating unique operation named: invokeUsingGET_9
2018-12-13 09:52:32 INFO  s.d.s.w.r.o.CachingOperationNameGenerator:40 - Generating unique operation named: invokeUsingGET_10
2018-12-13 09:52:32 INFO  s.d.s.w.r.o.CachingOperationNameGenerator:40 - Generating unique operation named: invokeUsingGET_11
2018-12-13 09:52:32 INFO  s.d.s.w.r.o.CachingOperationNameGenerator:40 - Generating unique operation named: invokeUsingGET_12
2018-12-13 09:52:32 INFO  s.d.s.w.r.o.CachingOperationNameGenerator:40 - Generating unique operation named: invokeUsingGET_13
2018-12-13 09:52:32 INFO  s.d.s.w.r.o.CachingOperationNameGenerator:40 - Generating unique operation named: invokeUsingGET_14
2018-12-13 09:52:32 INFO  s.d.s.w.r.o.CachingOperationNameGenerator:40 - Generating unique operation named: invokeUsingGET_15
2018-12-13 09:52:32 INFO  s.d.s.w.r.o.CachingOperationNameGenerator:40 - Generating unique operation named: linksUsingGET_1
2018-12-13 09:52:32 INFO  s.d.s.w.r.o.CachingOperationNameGenerator:40 - Generating unique operation named: invokeUsingGET_16
2018-12-13 09:52:32 INFO  s.d.s.w.r.o.CachingOperationNameGenerator:40 - Generating unique operation named: invokeUsingGET_17
2018-12-13 09:52:32 INFO  s.d.s.w.r.o.CachingOperationNameGenerator:40 - Generating unique operation named: invokeUsingGET_18
2018-12-13 09:52:32 INFO  s.d.s.w.r.o.CachingOperationNameGenerator:40 - Generating unique operation named: invokeUsingGET_19
2018-12-13 09:52:32 INFO  s.d.s.w.r.o.CachingOperationNameGenerator:40 - Generating unique operation named: invokeUsingGET_20
2018-12-13 09:52:32 INFO  s.d.s.w.r.o.CachingOperationNameGenerator:40 - Generating unique operation named: invokeUsingGET_21
2018-12-13 09:52:32 INFO  s.d.s.w.r.o.CachingOperationNameGenerator:40 - Generating unique operation named: invokeUsingHEAD_1
2018-12-13 09:52:32 INFO  s.d.s.w.r.o.CachingOperationNameGenerator:40 - Generating unique operation named: invokeUsingGET_22
2018-12-13 09:52:32 INFO  s.d.s.w.r.o.CachingOperationNameGenerator:40 - Generating unique operation named: invokeUsingGET_23
2018-12-13 09:52:32 INFO  s.d.s.w.r.o.CachingOperationNameGenerator:40 - Generating unique operation named: invokeUsingGET_24
2018-12-13 09:52:32 INFO  s.d.s.w.r.o.CachingOperationNameGenerator:40 - Generating unique operation named: invokeUsingGET_25
2018-12-13 09:52:32 INFO  s.d.s.w.r.o.CachingOperationNameGenerator:40 - Generating unique operation named: valueUsingGET_1
2018-12-13 09:52:32 INFO  c.n.s.SpringBoot2RestServiceApplication:57 - Started SpringBoot2RestServiceApplication in 12.822 seconds (JVM running for 14.218)
2018-12-13 09:52:44 INFO  o.a.c.c.C.[.[.[/]:179 - Initializing Spring FrameworkServlet 'dispatcherServlet'
2018-12-13 09:53:11 INFO  c.n.s.SpringBoot2RestServiceApplication:48 - Starting SpringBoot2RestServiceApplication on INUH100183 with PID 116 (C:\Users\ndh00159\Documents\workspace-sts-3.9.6.RELEASE\Stocks-api\target\classes started by NDH00159 in C:\Users\ndh00159\Documents\workspace-sts-3.9.6.RELEASE\Stocks-api)
2018-12-13 09:53:11 INFO  c.n.s.SpringBoot2RestServiceApplication:593 - No active profile set, falling back to default profiles: default
2018-12-13 09:53:18 INFO  o.a.c.c.StandardService:179 - Starting service [Tomcat]
2018-12-13 09:53:18 INFO  o.a.c.c.StandardEngine:179 - Starting Servlet Engine: Apache Tomcat/8.5.23
2018-12-13 09:53:18 INFO  o.a.c.c.C.[.[.[/]:179 - Initializing Spring embedded WebApplicationContext
2018-12-13 09:53:23 INFO  s.d.s.w.p.DocumentationPluginsBootstrapper:84 - Context refreshed
2018-12-13 09:53:23 INFO  s.d.s.w.p.DocumentationPluginsBootstrapper:87 - Found 1 custom documentation plugin(s)
2018-12-13 09:53:23 INFO  s.d.s.w.s.ApiListingReferenceScanner:44 - Scanning for api listing references
2018-12-13 09:53:23 INFO  s.d.s.w.r.o.CachingOperationNameGenerator:40 - Generating unique operation named: findByPrincipalAndAfterAndTypeUsingGET_1
2018-12-13 09:53:23 INFO  s.d.s.w.r.o.CachingOperationNameGenerator:40 - Generating unique operation named: invokeUsingGET_1
2018-12-13 09:53:23 INFO  s.d.s.w.r.o.CachingOperationNameGenerator:40 - Generating unique operation named: invokeUsingGET_2
2018-12-13 09:53:23 INFO  s.d.s.w.r.o.CachingOperationNameGenerator:40 - Generating unique operation named: invokeUsingGET_3
2018-12-13 09:53:23 INFO  s.d.s.w.r.o.CachingOperationNameGenerator:40 - Generating unique operation named: invokeUsingGET_4
2018-12-13 09:53:23 INFO  s.d.s.w.r.o.CachingOperationNameGenerator:40 - Generating unique operation named: invokeUsingGET_5
2018-12-13 09:53:23 INFO  s.d.s.w.r.o.CachingOperationNameGenerator:40 - Generating unique operation named: invokeUsingGET_6
2018-12-13 09:53:23 INFO  s.d.s.w.r.o.CachingOperationNameGenerator:40 - Generating unique operation named: invokeUsingGET_7
2018-12-13 09:53:23 INFO  s.d.s.w.r.o.CachingOperationNameGenerator:40 - Generating unique operation named: invokeUsingGET_8
2018-12-13 09:53:23 INFO  s.d.s.w.r.o.CachingOperationNameGenerator:40 - Generating unique operation named: invokeUsingGET_9
2018-12-13 09:53:23 INFO  s.d.s.w.r.o.CachingOperationNameGenerator:40 - Generating unique operation named: invokeUsingGET_10
2018-12-13 09:53:23 INFO  s.d.s.w.r.o.CachingOperationNameGenerator:40 - Generating unique operation named: invokeUsingGET_11
2018-12-13 09:53:23 INFO  s.d.s.w.r.o.CachingOperationNameGenerator:40 - Generating unique operation named: invokeUsingGET_12
2018-12-13 09:53:23 INFO  s.d.s.w.r.o.CachingOperationNameGenerator:40 - Generating unique operation named: invokeUsingGET_13
2018-12-13 09:53:23 INFO  s.d.s.w.r.o.CachingOperationNameGenerator:40 - Generating unique operation named: invokeUsingGET_14
2018-12-13 09:53:23 INFO  s.d.s.w.r.o.CachingOperationNameGenerator:40 - Generating unique operation named: invokeUsingGET_15
2018-12-13 09:53:24 INFO  s.d.s.w.r.o.CachingOperationNameGenerator:40 - Generating unique operation named: linksUsingGET_1
2018-12-13 09:53:24 INFO  s.d.s.w.r.o.CachingOperationNameGenerator:40 - Generating unique operation named: invokeUsingGET_16
2018-12-13 09:53:24 INFO  s.d.s.w.r.o.CachingOperationNameGenerator:40 - Generating unique operation named: invokeUsingGET_17
2018-12-13 09:53:24 INFO  s.d.s.w.r.o.CachingOperationNameGenerator:40 - Generating unique operation named: invokeUsingGET_18
2018-12-13 09:53:24 INFO  s.d.s.w.r.o.CachingOperationNameGenerator:40 - Generating unique operation named: invokeUsingGET_19
2018-12-13 09:53:24 INFO  s.d.s.w.r.o.CachingOperationNameGenerator:40 - Generating unique operation named: invokeUsingGET_20
2018-12-13 09:53:24 INFO  s.d.s.w.r.o.CachingOperationNameGenerator:40 - Generating unique operation named: invokeUsingGET_21
2018-12-13 09:53:24 INFO  s.d.s.w.r.o.CachingOperationNameGenerator:40 - Generating unique operation named: invokeUsingHEAD_1
2018-12-13 09:53:24 INFO  s.d.s.w.r.o.CachingOperationNameGenerator:40 - Generating unique operation named: invokeUsingGET_22
2018-12-13 09:53:24 INFO  s.d.s.w.r.o.CachingOperationNameGenerator:40 - Generating unique operation named: invokeUsingGET_23
2018-12-13 09:53:24 INFO  s.d.s.w.r.o.CachingOperationNameGenerator:40 - Generating unique operation named: invokeUsingGET_24
2018-12-13 09:53:24 INFO  s.d.s.w.r.o.CachingOperationNameGenerator:40 - Generating unique operation named: invokeUsingGET_25
2018-12-13 09:53:24 INFO  s.d.s.w.r.o.CachingOperationNameGenerator:40 - Generating unique operation named: valueUsingGET_1
2018-12-13 09:53:24 INFO  c.n.s.SpringBoot2RestServiceApplication:57 - Started SpringBoot2RestServiceApplication in 13.503 seconds (JVM running for 14.875)
2018-12-13 09:53:36 INFO  o.a.c.c.C.[.[.[/]:179 - Initializing Spring FrameworkServlet 'dispatcherServlet'
2018-12-13 09:54:13 INFO  c.n.s.SpringBoot2RestServiceApplication:48 - Starting SpringBoot2RestServiceApplication on INUH100183 with PID 14996 (C:\Users\ndh00159\Documents\workspace-sts-3.9.6.RELEASE\Stocks-api\target\classes started by NDH00159 in C:\Users\ndh00159\Documents\workspace-sts-3.9.6.RELEASE\Stocks-api)
2018-12-13 09:54:13 INFO  c.n.s.SpringBoot2RestServiceApplication:593 - No active profile set, falling back to default profiles: default
2018-12-13 09:54:20 INFO  o.a.c.c.StandardService:179 - Starting service [Tomcat]
2018-12-13 09:54:20 INFO  o.a.c.c.StandardEngine:179 - Starting Servlet Engine: Apache Tomcat/8.5.23
2018-12-13 09:54:21 INFO  o.a.c.c.C.[.[.[/]:179 - Initializing Spring embedded WebApplicationContext
2018-12-13 09:54:25 INFO  s.d.s.w.p.DocumentationPluginsBootstrapper:84 - Context refreshed
2018-12-13 09:54:25 INFO  s.d.s.w.p.DocumentationPluginsBootstrapper:87 - Found 1 custom documentation plugin(s)
2018-12-13 09:54:25 INFO  s.d.s.w.s.ApiListingReferenceScanner:44 - Scanning for api listing references
2018-12-13 09:54:25 INFO  s.d.s.w.r.o.CachingOperationNameGenerator:40 - Generating unique operation named: findByPrincipalAndAfterAndTypeUsingGET_1
2018-12-13 09:54:25 INFO  s.d.s.w.r.o.CachingOperationNameGenerator:40 - Generating unique operation named: invokeUsingGET_1
2018-12-13 09:54:25 INFO  s.d.s.w.r.o.CachingOperationNameGenerator:40 - Generating unique operation named: invokeUsingGET_2
2018-12-13 09:54:25 INFO  s.d.s.w.r.o.CachingOperationNameGenerator:40 - Generating unique operation named: invokeUsingGET_3
2018-12-13 09:54:25 INFO  s.d.s.w.r.o.CachingOperationNameGenerator:40 - Generating unique operation named: invokeUsingGET_4
2018-12-13 09:54:25 INFO  s.d.s.w.r.o.CachingOperationNameGenerator:40 - Generating unique operation named: invokeUsingGET_5
2018-12-13 09:54:25 INFO  s.d.s.w.r.o.CachingOperationNameGenerator:40 - Generating unique operation named: invokeUsingGET_6
2018-12-13 09:54:25 INFO  s.d.s.w.r.o.CachingOperationNameGenerator:40 - Generating unique operation named: invokeUsingGET_7
2018-12-13 09:54:25 INFO  s.d.s.w.r.o.CachingOperationNameGenerator:40 - Generating unique operation named: invokeUsingGET_8
2018-12-13 09:54:25 INFO  s.d.s.w.r.o.CachingOperationNameGenerator:40 - Generating unique operation named: invokeUsingGET_9
2018-12-13 09:54:25 INFO  s.d.s.w.r.o.CachingOperationNameGenerator:40 - Generating unique operation named: invokeUsingGET_10
2018-12-13 09:54:25 INFO  s.d.s.w.r.o.CachingOperationNameGenerator:40 - Generating unique operation named: invokeUsingGET_11
2018-12-13 09:54:25 INFO  s.d.s.w.r.o.CachingOperationNameGenerator:40 - Generating unique operation named: invokeUsingGET_12
2018-12-13 09:54:26 INFO  s.d.s.w.r.o.CachingOperationNameGenerator:40 - Generating unique operation named: invokeUsingGET_13
2018-12-13 09:54:26 INFO  s.d.s.w.r.o.CachingOperationNameGenerator:40 - Generating unique operation named: invokeUsingGET_14
2018-12-13 09:54:26 INFO  s.d.s.w.r.o.CachingOperationNameGenerator:40 - Generating unique operation named: invokeUsingGET_15
2018-12-13 09:54:26 INFO  s.d.s.w.r.o.CachingOperationNameGenerator:40 - Generating unique operation named: linksUsingGET_1
2018-12-13 09:54:26 INFO  s.d.s.w.r.o.CachingOperationNameGenerator:40 - Generating unique operation named: invokeUsingGET_16
2018-12-13 09:54:26 INFO  s.d.s.w.r.o.CachingOperationNameGenerator:40 - Generating unique operation named: invokeUsingGET_17
2018-12-13 09:54:26 INFO  s.d.s.w.r.o.CachingOperationNameGenerator:40 - Generating unique operation named: invokeUsingGET_18
2018-12-13 09:54:26 INFO  s.d.s.w.r.o.CachingOperationNameGenerator:40 - Generating unique operation named: invokeUsingGET_19
2018-12-13 09:54:26 INFO  s.d.s.w.r.o.CachingOperationNameGenerator:40 - Generating unique operation named: invokeUsingGET_20
2018-12-13 09:54:26 INFO  s.d.s.w.r.o.CachingOperationNameGenerator:40 - Generating unique operation named: invokeUsingGET_21
2018-12-13 09:54:26 INFO  s.d.s.w.r.o.CachingOperationNameGenerator:40 - Generating unique operation named: invokeUsingHEAD_1
2018-12-13 09:54:26 INFO  s.d.s.w.r.o.CachingOperationNameGenerator:40 - Generating unique operation named: invokeUsingGET_22
2018-12-13 09:54:26 INFO  s.d.s.w.r.o.CachingOperationNameGenerator:40 - Generating unique operation named: invokeUsingGET_23
2018-12-13 09:54:26 INFO  s.d.s.w.r.o.CachingOperationNameGenerator:40 - Generating unique operation named: invokeUsingGET_24
2018-12-13 09:54:26 INFO  s.d.s.w.r.o.CachingOperationNameGenerator:40 - Generating unique operation named: invokeUsingGET_25
2018-12-13 09:54:26 INFO  s.d.s.w.r.o.CachingOperationNameGenerator:40 - Generating unique operation named: valueUsingGET_1
2018-12-13 09:54:26 INFO  c.n.s.SpringBoot2RestServiceApplication:57 - Started SpringBoot2RestServiceApplication in 13.44 seconds (JVM running for 14.719)
2018-12-13 09:54:45 INFO  o.a.c.c.C.[.[.[/]:179 - Initializing Spring FrameworkServlet 'dispatcherServlet'
2018-12-13 09:55:43 INFO  c.n.s.SpringBoot2RestServiceApplication:48 - Starting SpringBoot2RestServiceApplication on INUH100183 with PID 1616 (C:\Users\ndh00159\Documents\workspace-sts-3.9.6.RELEASE\Stocks-api\target\classes started by NDH00159 in C:\Users\ndh00159\Documents\workspace-sts-3.9.6.RELEASE\Stocks-api)
2018-12-13 09:55:43 INFO  c.n.s.SpringBoot2RestServiceApplication:593 - No active profile set, falling back to default profiles: default
2018-12-13 09:55:49 INFO  o.a.c.c.StandardService:179 - Starting service [Tomcat]
2018-12-13 09:55:49 INFO  o.a.c.c.StandardEngine:179 - Starting Servlet Engine: Apache Tomcat/8.5.23
2018-12-13 09:55:50 INFO  o.a.c.c.C.[.[.[/]:179 - Initializing Spring embedded WebApplicationContext
2018-12-13 09:55:54 INFO  s.d.s.w.p.DocumentationPluginsBootstrapper:84 - Context refreshed
2018-12-13 09:55:54 INFO  s.d.s.w.p.DocumentationPluginsBootstrapper:87 - Found 1 custom documentation plugin(s)
2018-12-13 09:55:54 INFO  s.d.s.w.s.ApiListingReferenceScanner:44 - Scanning for api listing references
2018-12-13 09:55:54 INFO  s.d.s.w.r.o.CachingOperationNameGenerator:40 - Generating unique operation named: findByPrincipalAndAfterAndTypeUsingGET_1
2018-12-13 09:55:55 INFO  s.d.s.w.r.o.CachingOperationNameGenerator:40 - Generating unique operation named: invokeUsingGET_1
2018-12-13 09:55:55 INFO  s.d.s.w.r.o.CachingOperationNameGenerator:40 - Generating unique operation named: invokeUsingGET_2
2018-12-13 09:55:55 INFO  s.d.s.w.r.o.CachingOperationNameGenerator:40 - Generating unique operation named: invokeUsingGET_3
2018-12-13 09:55:55 INFO  s.d.s.w.r.o.CachingOperationNameGenerator:40 - Generating unique operation named: invokeUsingGET_4
2018-12-13 09:55:55 INFO  s.d.s.w.r.o.CachingOperationNameGenerator:40 - Generating unique operation named: invokeUsingGET_5
2018-12-13 09:55:55 INFO  s.d.s.w.r.o.CachingOperationNameGenerator:40 - Generating unique operation named: invokeUsingGET_6
2018-12-13 09:55:55 INFO  s.d.s.w.r.o.CachingOperationNameGenerator:40 - Generating unique operation named: invokeUsingGET_7
2018-12-13 09:55:55 INFO  s.d.s.w.r.o.CachingOperationNameGenerator:40 - Generating unique operation named: invokeUsingGET_8
2018-12-13 09:55:55 INFO  s.d.s.w.r.o.CachingOperationNameGenerator:40 - Generating unique operation named: invokeUsingGET_9
2018-12-13 09:55:55 INFO  s.d.s.w.r.o.CachingOperationNameGenerator:40 - Generating unique operation named: invokeUsingGET_10
2018-12-13 09:55:55 INFO  s.d.s.w.r.o.CachingOperationNameGenerator:40 - Generating unique operation named: invokeUsingGET_11
2018-12-13 09:55:55 INFO  s.d.s.w.r.o.CachingOperationNameGenerator:40 - Generating unique operation named: invokeUsingGET_12
2018-12-13 09:55:55 INFO  s.d.s.w.r.o.CachingOperationNameGenerator:40 - Generating unique operation named: invokeUsingGET_13
2018-12-13 09:55:55 INFO  s.d.s.w.r.o.CachingOperationNameGenerator:40 - Generating unique operation named: invokeUsingGET_14
2018-12-13 09:55:55 INFO  s.d.s.w.r.o.CachingOperationNameGenerator:40 - Generating unique operation named: invokeUsingGET_15
2018-12-13 09:55:55 INFO  s.d.s.w.r.o.CachingOperationNameGenerator:40 - Generating unique operation named: linksUsingGET_1
2018-12-13 09:55:55 INFO  s.d.s.w.r.o.CachingOperationNameGenerator:40 - Generating unique operation named: invokeUsingGET_16
2018-12-13 09:55:55 INFO  s.d.s.w.r.o.CachingOperationNameGenerator:40 - Generating unique operation named: invokeUsingGET_17
2018-12-13 09:55:55 INFO  s.d.s.w.r.o.CachingOperationNameGenerator:40 - Generating unique operation named: invokeUsingGET_18
2018-12-13 09:55:55 INFO  s.d.s.w.r.o.CachingOperationNameGenerator:40 - Generating unique operation named: invokeUsingGET_19
2018-12-13 09:55:55 INFO  s.d.s.w.r.o.CachingOperationNameGenerator:40 - Generating unique operation named: invokeUsingGET_20
2018-12-13 09:55:55 INFO  s.d.s.w.r.o.CachingOperationNameGenerator:40 - Generating unique operation named: invokeUsingGET_21
2018-12-13 09:55:55 INFO  s.d.s.w.r.o.CachingOperationNameGenerator:40 - Generating unique operation named: invokeUsingHEAD_1
2018-12-13 09:55:55 INFO  s.d.s.w.r.o.CachingOperationNameGenerator:40 - Generating unique operation named: invokeUsingGET_22
2018-12-13 09:55:55 INFO  s.d.s.w.r.o.CachingOperationNameGenerator:40 - Generating unique operation named: invokeUsingGET_23
2018-12-13 09:55:55 INFO  s.d.s.w.r.o.CachingOperationNameGenerator:40 - Generating unique operation named: invokeUsingGET_24
2018-12-13 09:55:55 INFO  s.d.s.w.r.o.CachingOperationNameGenerator:40 - Generating unique operation named: invokeUsingGET_25
2018-12-13 09:55:55 INFO  s.d.s.w.r.o.CachingOperationNameGenerator:40 - Generating unique operation named: valueUsingGET_1
2018-12-13 09:55:55 INFO  c.n.s.SpringBoot2RestServiceApplication:57 - Started SpringBoot2RestServiceApplication in 13.032 seconds (JVM running for 14.376)
2018-12-13 09:56:24 INFO  o.a.c.c.C.[.[.[/]:179 - Initializing Spring FrameworkServlet 'dispatcherServlet'
2018-12-13 09:58:22 INFO  c.n.s.SpringBoot2RestServiceApplication:48 - Starting SpringBoot2RestServiceApplication on INUH100183 with PID 8652 (C:\Users\ndh00159\Documents\workspace-sts-3.9.6.RELEASE\Stocks-api\target\classes started by NDH00159 in C:\Users\ndh00159\Documents\workspace-sts-3.9.6.RELEASE\Stocks-api)
2018-12-13 09:58:22 INFO  c.n.s.SpringBoot2RestServiceApplication:593 - No active profile set, falling back to default profiles: default
2018-12-13 09:58:28 INFO  o.a.c.c.StandardService:179 - Starting service [Tomcat]
2018-12-13 09:58:28 INFO  o.a.c.c.StandardEngine:179 - Starting Servlet Engine: Apache Tomcat/8.5.23
2018-12-13 09:58:28 INFO  o.a.c.c.C.[.[.[/]:179 - Initializing Spring embedded WebApplicationContext
2018-12-13 09:58:32 INFO  s.d.s.w.p.DocumentationPluginsBootstrapper:84 - Context refreshed
2018-12-13 09:58:32 INFO  s.d.s.w.p.DocumentationPluginsBootstrapper:87 - Found 1 custom documentation plugin(s)
2018-12-13 09:58:32 INFO  s.d.s.w.s.ApiListingReferenceScanner:44 - Scanning for api listing references
2018-12-13 09:58:33 INFO  s.d.s.w.r.o.CachingOperationNameGenerator:40 - Generating unique operation named: findByPrincipalAndAfterAndTypeUsingGET_1
2018-12-13 09:58:33 INFO  s.d.s.w.r.o.CachingOperationNameGenerator:40 - Generating unique operation named: invokeUsingGET_1
2018-12-13 09:58:33 INFO  s.d.s.w.r.o.CachingOperationNameGenerator:40 - Generating unique operation named: invokeUsingGET_2
2018-12-13 09:58:33 INFO  s.d.s.w.r.o.CachingOperationNameGenerator:40 - Generating unique operation named: invokeUsingGET_3
2018-12-13 09:58:33 INFO  s.d.s.w.r.o.CachingOperationNameGenerator:40 - Generating unique operation named: invokeUsingGET_4
2018-12-13 09:58:33 INFO  s.d.s.w.r.o.CachingOperationNameGenerator:40 - Generating unique operation named: invokeUsingGET_5
2018-12-13 09:58:33 INFO  s.d.s.w.r.o.CachingOperationNameGenerator:40 - Generating unique operation named: invokeUsingGET_6
2018-12-13 09:58:33 INFO  s.d.s.w.r.o.CachingOperationNameGenerator:40 - Generating unique operation named: invokeUsingGET_7
2018-12-13 09:58:33 INFO  s.d.s.w.r.o.CachingOperationNameGenerator:40 - Generating unique operation named: invokeUsingGET_8
2018-12-13 09:58:33 INFO  s.d.s.w.r.o.CachingOperationNameGenerator:40 - Generating unique operation named: invokeUsingGET_9
2018-12-13 09:58:33 INFO  s.d.s.w.r.o.CachingOperationNameGenerator:40 - Generating unique operation named: invokeUsingGET_10
2018-12-13 09:58:33 INFO  s.d.s.w.r.o.CachingOperationNameGenerator:40 - Generating unique operation named: invokeUsingGET_11
2018-12-13 09:58:33 INFO  s.d.s.w.r.o.CachingOperationNameGenerator:40 - Generating unique operation named: invokeUsingGET_12
2018-12-13 09:58:33 INFO  s.d.s.w.r.o.CachingOperationNameGenerator:40 - Generating unique operation named: invokeUsingGET_13
2018-12-13 09:58:33 INFO  s.d.s.w.r.o.CachingOperationNameGenerator:40 - Generating unique operation named: invokeUsingGET_14
2018-12-13 09:58:33 INFO  s.d.s.w.r.o.CachingOperationNameGenerator:40 - Generating unique operation named: invokeUsingGET_15
2018-12-13 09:58:33 INFO  s.d.s.w.r.o.CachingOperationNameGenerator:40 - Generating unique operation named: linksUsingGET_1
2018-12-13 09:58:33 INFO  s.d.s.w.r.o.CachingOperationNameGenerator:40 - Generating unique operation named: invokeUsingGET_16
2018-12-13 09:58:33 INFO  s.d.s.w.r.o.CachingOperationNameGenerator:40 - Generating unique operation named: invokeUsingGET_17
2018-12-13 09:58:33 INFO  s.d.s.w.r.o.CachingOperationNameGenerator:40 - Generating unique operation named: invokeUsingGET_18
2018-12-13 09:58:33 INFO  s.d.s.w.r.o.CachingOperationNameGenerator:40 - Generating unique operation named: invokeUsingGET_19
2018-12-13 09:58:33 INFO  s.d.s.w.r.o.CachingOperationNameGenerator:40 - Generating unique operation named: invokeUsingGET_20
2018-12-13 09:58:33 INFO  s.d.s.w.r.o.CachingOperationNameGenerator:40 - Generating unique operation named: invokeUsingGET_21
2018-12-13 09:58:33 INFO  s.d.s.w.r.o.CachingOperationNameGenerator:40 - Generating unique operation named: invokeUsingHEAD_1
2018-12-13 09:58:33 INFO  s.d.s.w.r.o.CachingOperationNameGenerator:40 - Generating unique operation named: invokeUsingGET_22
2018-12-13 09:58:33 INFO  s.d.s.w.r.o.CachingOperationNameGenerator:40 - Generating unique operation named: invokeUsingGET_23
2018-12-13 09:58:33 INFO  s.d.s.w.r.o.CachingOperationNameGenerator:40 - Generating unique operation named: invokeUsingGET_24
2018-12-13 09:58:33 INFO  s.d.s.w.r.o.CachingOperationNameGenerator:40 - Generating unique operation named: invokeUsingGET_25
2018-12-13 09:58:33 INFO  s.d.s.w.r.o.CachingOperationNameGenerator:40 - Generating unique operation named: valueUsingGET_1
2018-12-13 09:58:33 INFO  c.n.s.SpringBoot2RestServiceApplication:57 - Started SpringBoot2RestServiceApplication in 12.873 seconds (JVM running for 14.53)
2018-12-13 09:59:11 INFO  o.a.c.c.C.[.[.[/]:179 - Initializing Spring FrameworkServlet 'dispatcherServlet'
2018-12-13 10:00:22 INFO  c.n.s.SpringBoot2RestServiceApplication:48 - Starting SpringBoot2RestServiceApplication on INUH100183 with PID 10272 (C:\Users\ndh00159\Documents\workspace-sts-3.9.6.RELEASE\Stocks-api\target\classes started by NDH00159 in C:\Users\ndh00159\Documents\workspace-sts-3.9.6.RELEASE\Stocks-api)
2018-12-13 10:00:22 INFO  c.n.s.SpringBoot2RestServiceApplication:593 - No active profile set, falling back to default profiles: default
2018-12-13 10:00:29 INFO  o.a.c.c.StandardService:179 - Starting service [Tomcat]
2018-12-13 10:00:29 INFO  o.a.c.c.StandardEngine:179 - Starting Servlet Engine: Apache Tomcat/8.5.23
2018-12-13 10:00:29 INFO  o.a.c.c.C.[.[.[/]:179 - Initializing Spring embedded WebApplicationContext
2018-12-13 10:00:34 INFO  s.d.s.w.p.DocumentationPluginsBootstrapper:84 - Context refreshed
2018-12-13 10:00:34 INFO  s.d.s.w.p.DocumentationPluginsBootstrapper:87 - Found 1 custom documentation plugin(s)
2018-12-13 10:00:34 INFO  s.d.s.w.s.ApiListingReferenceScanner:44 - Scanning for api listing references
2018-12-13 10:00:34 INFO  s.d.s.w.r.o.CachingOperationNameGenerator:40 - Generating unique operation named: findByPrincipalAndAfterAndTypeUsingGET_1
2018-12-13 10:00:34 INFO  s.d.s.w.r.o.CachingOperationNameGenerator:40 - Generating unique operation named: invokeUsingGET_1
2018-12-13 10:00:34 INFO  s.d.s.w.r.o.CachingOperationNameGenerator:40 - Generating unique operation named: invokeUsingGET_2
2018-12-13 10:00:34 INFO  s.d.s.w.r.o.CachingOperationNameGenerator:40 - Generating unique operation named: invokeUsingGET_3
2018-12-13 10:00:34 INFO  s.d.s.w.r.o.CachingOperationNameGenerator:40 - Generating unique operation named: invokeUsingGET_4
2018-12-13 10:00:34 INFO  s.d.s.w.r.o.CachingOperationNameGenerator:40 - Generating unique operation named: invokeUsingGET_5
2018-12-13 10:00:34 INFO  s.d.s.w.r.o.CachingOperationNameGenerator:40 - Generating unique operation named: invokeUsingGET_6
2018-12-13 10:00:34 INFO  s.d.s.w.r.o.CachingOperationNameGenerator:40 - Generating unique operation named: invokeUsingGET_7
2018-12-13 10:00:34 INFO  s.d.s.w.r.o.CachingOperationNameGenerator:40 - Generating unique operation named: invokeUsingGET_8
2018-12-13 10:00:34 INFO  s.d.s.w.r.o.CachingOperationNameGenerator:40 - Generating unique operation named: invokeUsingGET_9
2018-12-13 10:00:34 INFO  s.d.s.w.r.o.CachingOperationNameGenerator:40 - Generating unique operation named: invokeUsingGET_10
2018-12-13 10:00:34 INFO  s.d.s.w.r.o.CachingOperationNameGenerator:40 - Generating unique operation named: invokeUsingGET_11
2018-12-13 10:00:34 INFO  s.d.s.w.r.o.CachingOperationNameGenerator:40 - Generating unique operation named: invokeUsingGET_12
2018-12-13 10:00:34 INFO  s.d.s.w.r.o.CachingOperationNameGenerator:40 - Generating unique operation named: invokeUsingGET_13
2018-12-13 10:00:34 INFO  s.d.s.w.r.o.CachingOperationNameGenerator:40 - Generating unique operation named: invokeUsingGET_14
2018-12-13 10:00:34 INFO  s.d.s.w.r.o.CachingOperationNameGenerator:40 - Generating unique operation named: invokeUsingGET_15
2018-12-13 10:00:34 INFO  s.d.s.w.r.o.CachingOperationNameGenerator:40 - Generating unique operation named: linksUsingGET_1
2018-12-13 10:00:34 INFO  s.d.s.w.r.o.CachingOperationNameGenerator:40 - Generating unique operation named: invokeUsingGET_16
2018-12-13 10:00:34 INFO  s.d.s.w.r.o.CachingOperationNameGenerator:40 - Generating unique operation named: invokeUsingGET_17
2018-12-13 10:00:34 INFO  s.d.s.w.r.o.CachingOperationNameGenerator:40 - Generating unique operation named: invokeUsingGET_18
2018-12-13 10:00:34 INFO  s.d.s.w.r.o.CachingOperationNameGenerator:40 - Generating unique operation named: invokeUsingGET_19
2018-12-13 10:00:34 INFO  s.d.s.w.r.o.CachingOperationNameGenerator:40 - Generating unique operation named: invokeUsingGET_20
2018-12-13 10:00:34 INFO  s.d.s.w.r.o.CachingOperationNameGenerator:40 - Generating unique operation named: invokeUsingGET_21
2018-12-13 10:00:34 INFO  s.d.s.w.r.o.CachingOperationNameGenerator:40 - Generating unique operation named: invokeUsingHEAD_1
2018-12-13 10:00:34 INFO  s.d.s.w.r.o.CachingOperationNameGenerator:40 - Generating unique operation named: invokeUsingGET_22
2018-12-13 10:00:34 INFO  s.d.s.w.r.o.CachingOperationNameGenerator:40 - Generating unique operation named: invokeUsingGET_23
2018-12-13 10:00:34 INFO  s.d.s.w.r.o.CachingOperationNameGenerator:40 - Generating unique operation named: invokeUsingGET_24
2018-12-13 10:00:34 INFO  s.d.s.w.r.o.CachingOperationNameGenerator:40 - Generating unique operation named: invokeUsingGET_25
2018-12-13 10:00:35 INFO  s.d.s.w.r.o.CachingOperationNameGenerator:40 - Generating unique operation named: valueUsingGET_1
2018-12-13 10:00:35 INFO  c.n.s.SpringBoot2RestServiceApplication:57 - Started SpringBoot2RestServiceApplication in 13.479 seconds (JVM running for 14.931)
2018-12-13 10:01:07 INFO  o.a.c.c.C.[.[.[/]:179 - Initializing Spring FrameworkServlet 'dispatcherServlet'
2018-12-13 10:01:21 INFO  c.n.s.SpringBoot2RestServiceApplication:48 - Starting SpringBoot2RestServiceApplication on INUH100183 with PID 4124 (C:\Users\ndh00159\Documents\workspace-sts-3.9.6.RELEASE\Stocks-api\target\classes started by NDH00159 in C:\Users\ndh00159\Documents\workspace-sts-3.9.6.RELEASE\Stocks-api)
2018-12-13 10:01:21 INFO  c.n.s.SpringBoot2RestServiceApplication:593 - No active profile set, falling back to default profiles: default
2018-12-13 10:01:28 INFO  o.a.c.c.StandardService:179 - Starting service [Tomcat]
2018-12-13 10:01:28 INFO  o.a.c.c.StandardEngine:179 - Starting Servlet Engine: Apache Tomcat/8.5.23
2018-12-13 10:01:28 INFO  o.a.c.c.C.[.[.[/]:179 - Initializing Spring embedded WebApplicationContext
2018-12-13 10:01:32 INFO  s.d.s.w.p.DocumentationPluginsBootstrapper:84 - Context refreshed
2018-12-13 10:01:32 INFO  s.d.s.w.p.DocumentationPluginsBootstrapper:87 - Found 1 custom documentation plugin(s)
2018-12-13 10:01:32 INFO  s.d.s.w.s.ApiListingReferenceScanner:44 - Scanning for api listing references
2018-12-13 10:01:32 INFO  s.d.s.w.r.o.CachingOperationNameGenerator:40 - Generating unique operation named: findByPrincipalAndAfterAndTypeUsingGET_1
2018-12-13 10:01:33 INFO  s.d.s.w.r.o.CachingOperationNameGenerator:40 - Generating unique operation named: invokeUsingGET_1
2018-12-13 10:01:33 INFO  s.d.s.w.r.o.CachingOperationNameGenerator:40 - Generating unique operation named: invokeUsingGET_2
2018-12-13 10:01:33 INFO  s.d.s.w.r.o.CachingOperationNameGenerator:40 - Generating unique operation named: invokeUsingGET_3
2018-12-13 10:01:33 INFO  s.d.s.w.r.o.CachingOperationNameGenerator:40 - Generating unique operation named: invokeUsingGET_4
2018-12-13 10:01:33 INFO  s.d.s.w.r.o.CachingOperationNameGenerator:40 - Generating unique operation named: invokeUsingGET_5
2018-12-13 10:01:33 INFO  s.d.s.w.r.o.CachingOperationNameGenerator:40 - Generating unique operation named: invokeUsingGET_6
2018-12-13 10:01:33 INFO  s.d.s.w.r.o.CachingOperationNameGenerator:40 - Generating unique operation named: invokeUsingGET_7
2018-12-13 10:01:33 INFO  s.d.s.w.r.o.CachingOperationNameGenerator:40 - Generating unique operation named: invokeUsingGET_8
2018-12-13 10:01:33 INFO  s.d.s.w.r.o.CachingOperationNameGenerator:40 - Generating unique operation named: invokeUsingGET_9
2018-12-13 10:01:33 INFO  s.d.s.w.r.o.CachingOperationNameGenerator:40 - Generating unique operation named: invokeUsingGET_10
2018-12-13 10:01:33 INFO  s.d.s.w.r.o.CachingOperationNameGenerator:40 - Generating unique operation named: invokeUsingGET_11
2018-12-13 10:01:33 INFO  s.d.s.w.r.o.CachingOperationNameGenerator:40 - Generating unique operation named: invokeUsingGET_12
2018-12-13 10:01:33 INFO  s.d.s.w.r.o.CachingOperationNameGenerator:40 - Generating unique operation named: invokeUsingGET_13
2018-12-13 10:01:33 INFO  s.d.s.w.r.o.CachingOperationNameGenerator:40 - Generating unique operation named: invokeUsingGET_14
2018-12-13 10:01:33 INFO  s.d.s.w.r.o.CachingOperationNameGenerator:40 - Generating unique operation named: invokeUsingGET_15
2018-12-13 10:01:33 INFO  s.d.s.w.r.o.CachingOperationNameGenerator:40 - Generating unique operation named: linksUsingGET_1
2018-12-13 10:01:33 INFO  s.d.s.w.r.o.CachingOperationNameGenerator:40 - Generating unique operation named: invokeUsingGET_16
2018-12-13 10:01:33 INFO  s.d.s.w.r.o.CachingOperationNameGenerator:40 - Generating unique operation named: invokeUsingGET_17
2018-12-13 10:01:33 INFO  s.d.s.w.r.o.CachingOperationNameGenerator:40 - Generating unique operation named: invokeUsingGET_18
2018-12-13 10:01:33 INFO  s.d.s.w.r.o.CachingOperationNameGenerator:40 - Generating unique operation named: invokeUsingGET_19
2018-12-13 10:01:33 INFO  s.d.s.w.r.o.CachingOperationNameGenerator:40 - Generating unique operation named: invokeUsingGET_20
2018-12-13 10:01:33 INFO  s.d.s.w.r.o.CachingOperationNameGenerator:40 - Generating unique operation named: invokeUsingGET_21
2018-12-13 10:01:33 INFO  s.d.s.w.r.o.CachingOperationNameGenerator:40 - Generating unique operation named: invokeUsingHEAD_1
2018-12-13 10:01:33 INFO  s.d.s.w.r.o.CachingOperationNameGenerator:40 - Generating unique operation named: invokeUsingGET_22
2018-12-13 10:01:33 INFO  s.d.s.w.r.o.CachingOperationNameGenerator:40 - Generating unique operation named: invokeUsingGET_23
2018-12-13 10:01:33 INFO  s.d.s.w.r.o.CachingOperationNameGenerator:40 - Generating unique operation named: invokeUsingGET_24
2018-12-13 10:01:33 INFO  s.d.s.w.r.o.CachingOperationNameGenerator:40 - Generating unique operation named: invokeUsingGET_25
2018-12-13 10:01:33 INFO  s.d.s.w.r.o.CachingOperationNameGenerator:40 - Generating unique operation named: valueUsingGET_1
2018-12-13 10:01:33 INFO  c.n.s.SpringBoot2RestServiceApplication:57 - Started SpringBoot2RestServiceApplication in 13.021 seconds (JVM running for 14.498)
2018-12-13 10:01:55 INFO  o.a.c.c.C.[.[.[/]:179 - Initializing Spring FrameworkServlet 'dispatcherServlet'
